<?xml version="1.0" encoding="UTF-8"?>
<coverage generated="1737390148742" clover="3.2.0">
  <project timestamp="1737390148742" name="All files">
    <metrics statements="23" coveredstatements="23" conditionals="14" coveredconditionals="14" methods="5" coveredmethods="5" elements="42" coveredelements="42" complexity="0" loc="23" ncloc="23" packages="1" files="1" classes="1"/>
    <file name="sentiment-helpers.ts" path="/Users/alimohamadzade/Code/my-react-app/src/utils/sentiment-helpers.ts">
      <metrics statements="23" coveredstatements="23" conditionals="14" coveredconditionals="14" methods="5" coveredmethods="5"/>
      <line num="17" count="1" type="stmt"/>
      <line num="20" count="6" type="cond" truecount="3" falsecount="0"/>
      <line num="22" count="3" type="stmt"/>
      <line num="23" count="6" type="cond" truecount="3" falsecount="0"/>
      <line num="25" count="4" type="stmt"/>
      <line num="26" count="8" type="stmt"/>
      <line num="34" count="4" type="stmt"/>
      <line num="35" count="4" type="stmt"/>
      <line num="37" count="4" type="stmt"/>
      <line num="43" count="1" type="stmt"/>
      <line num="44" count="5" type="stmt"/>
      <line num="46" count="5" type="cond" truecount="1" falsecount="0"/>
      <line num="47" count="4" type="cond" truecount="1" falsecount="0"/>
      <line num="48" count="3" type="cond" truecount="1" falsecount="0"/>
      <line num="49" count="2" type="cond" truecount="1" falsecount="0"/>
      <line num="50" count="1" type="stmt"/>
      <line num="55" count="1" type="stmt"/>
      <line num="56" count="5" type="stmt"/>
      <line num="58" count="5" type="cond" truecount="1" falsecount="0"/>
      <line num="59" count="4" type="cond" truecount="1" falsecount="0"/>
      <line num="60" count="3" type="cond" truecount="1" falsecount="0"/>
      <line num="61" count="2" type="cond" truecount="1" falsecount="0"/>
      <line num="62" count="1" type="stmt"/>
    </file>
  </project>
</coverage>
