{"/Users/alimohamadzade/Code/my-react-app/src/utils/sentiment-helpers.ts": {"path":"/Users/alimohamadzade/Code/my-react-app/src/utils/sentiment-helpers.ts","statementMap":{"0":{"start":{"line":17,"column":31},"end":{"line":39,"column":1}},"1":{"start":{"line":20,"column":2},"end":{"line":20,"column":50}},"2":{"start":{"line":20,"column":40},"end":{"line":20,"column":50}},"3":{"start":{"line":22,"column":2},"end":{"line":38,"column":5}},"4":{"start":{"line":23,"column":4},"end":{"line":23,"column":57}},"5":{"start":{"line":23,"column":48},"end":{"line":23,"column":57}},"6":{"start":{"line":25,"column":29},"end":{"line":32,"column":5}},"7":{"start":{"line":26,"column":6},"end":{"line":31,"column":8}},"8":{"start":{"line":34,"column":19},"end":{"line":34,"column":53}},"9":{"start":{"line":35,"column":19},"end":{"line":35,"column":53}},"10":{"start":{"line":37,"column":4},"end":{"line":37,"column":27}},"11":{"start":{"line":17,"column":13},"end":{"line":17,"column":31}},"12":{"start":{"line":43,"column":33},"end":{"line":51,"column":1}},"13":{"start":{"line":44,"column":24},"end":{"line":44,"column":75}},"14":{"start":{"line":46,"column":2},"end":{"line":46,"column":51}},"15":{"start":{"line":46,"column":27},"end":{"line":46,"column":51}},"16":{"start":{"line":47,"column":2},"end":{"line":47,"column":51}},"17":{"start":{"line":47,"column":27},"end":{"line":47,"column":51}},"18":{"start":{"line":48,"column":2},"end":{"line":48,"column":50}},"19":{"start":{"line":48,"column":28},"end":{"line":48,"column":50}},"20":{"start":{"line":49,"column":2},"end":{"line":49,"column":50}},"21":{"start":{"line":49,"column":28},"end":{"line":49,"column":50}},"22":{"start":{"line":50,"column":2},"end":{"line":50,"column":25}},"23":{"start":{"line":43,"column":13},"end":{"line":43,"column":33}},"24":{"start":{"line":55,"column":33},"end":{"line":63,"column":1}},"25":{"start":{"line":56,"column":24},"end":{"line":56,"column":75}},"26":{"start":{"line":58,"column":2},"end":{"line":58,"column":39}},"27":{"start":{"line":58,"column":27},"end":{"line":58,"column":39}},"28":{"start":{"line":59,"column":2},"end":{"line":59,"column":39}},"29":{"start":{"line":59,"column":27},"end":{"line":59,"column":39}},"30":{"start":{"line":60,"column":2},"end":{"line":60,"column":40}},"31":{"start":{"line":60,"column":28},"end":{"line":60,"column":40}},"32":{"start":{"line":61,"column":2},"end":{"line":61,"column":40}},"33":{"start":{"line":61,"column":28},"end":{"line":61,"column":40}},"34":{"start":{"line":62,"column":2},"end":{"line":62,"column":14}},"35":{"start":{"line":55,"column":13},"end":{"line":55,"column":33}}},"fnMap":{"0":{"name":"(anonymous_0)","decl":{"start":{"line":17,"column":31},"end":{"line":17,"column":null}},"loc":{"start":{"line":19,"column":22},"end":{"line":39,"column":1}}},"1":{"name":"(anonymous_1)","decl":{"start":{"line":22,"column":27},"end":{"line":22,"column":28}},"loc":{"start":{"line":22,"column":36},"end":{"line":38,"column":3}}},"2":{"name":"(anonymous_2)","decl":{"start":{"line":25,"column":29},"end":{"line":25,"column":30}},"loc":{"start":{"line":25,"column":55},"end":{"line":32,"column":5}}},"3":{"name":"(anonymous_3)","decl":{"start":{"line":43,"column":33},"end":{"line":43,"column":34}},"loc":{"start":{"line":43,"column":67},"end":{"line":51,"column":1}}},"4":{"name":"(anonymous_4)","decl":{"start":{"line":55,"column":33},"end":{"line":55,"column":34}},"loc":{"start":{"line":55,"column":67},"end":{"line":63,"column":1}}}},"branchMap":{"0":{"loc":{"start":{"line":20,"column":2},"end":{"line":20,"column":50}},"type":"if","locations":[{"start":{"line":20,"column":2},"end":{"line":20,"column":50}}]},"1":{"loc":{"start":{"line":20,"column":6},"end":{"line":20,"column":38}},"type":"binary-expr","locations":[{"start":{"line":20,"column":6},"end":{"line":20,"column":14}},{"start":{"line":20,"column":18},"end":{"line":20,"column":38}}]},"2":{"loc":{"start":{"line":23,"column":4},"end":{"line":23,"column":57}},"type":"if","locations":[{"start":{"line":23,"column":4},"end":{"line":23,"column":57}}]},"3":{"loc":{"start":{"line":23,"column":8},"end":{"line":23,"column":46}},"type":"binary-expr","locations":[{"start":{"line":23,"column":8},"end":{"line":23,"column":25}},{"start":{"line":23,"column":29},"end":{"line":23,"column":46}}]},"4":{"loc":{"start":{"line":46,"column":2},"end":{"line":46,"column":51}},"type":"if","locations":[{"start":{"line":46,"column":2},"end":{"line":46,"column":51}}]},"5":{"loc":{"start":{"line":47,"column":2},"end":{"line":47,"column":51}},"type":"if","locations":[{"start":{"line":47,"column":2},"end":{"line":47,"column":51}}]},"6":{"loc":{"start":{"line":48,"column":2},"end":{"line":48,"column":50}},"type":"if","locations":[{"start":{"line":48,"column":2},"end":{"line":48,"column":50}}]},"7":{"loc":{"start":{"line":49,"column":2},"end":{"line":49,"column":50}},"type":"if","locations":[{"start":{"line":49,"column":2},"end":{"line":49,"column":50}}]},"8":{"loc":{"start":{"line":58,"column":2},"end":{"line":58,"column":39}},"type":"if","locations":[{"start":{"line":58,"column":2},"end":{"line":58,"column":39}}]},"9":{"loc":{"start":{"line":59,"column":2},"end":{"line":59,"column":39}},"type":"if","locations":[{"start":{"line":59,"column":2},"end":{"line":59,"column":39}}]},"10":{"loc":{"start":{"line":60,"column":2},"end":{"line":60,"column":40}},"type":"if","locations":[{"start":{"line":60,"column":2},"end":{"line":60,"column":40}}]},"11":{"loc":{"start":{"line":61,"column":2},"end":{"line":61,"column":40}},"type":"if","locations":[{"start":{"line":61,"column":2},"end":{"line":61,"column":40}}]}},"s":{"0":1,"1":6,"2":3,"3":3,"4":6,"5":2,"6":4,"7":8,"8":4,"9":4,"10":4,"11":1,"12":1,"13":5,"14":5,"15":1,"16":4,"17":1,"18":3,"19":1,"20":2,"21":1,"22":1,"23":1,"24":1,"25":5,"26":5,"27":1,"28":4,"29":1,"30":3,"31":1,"32":2,"33":1,"34":1,"35":1},"f":{"0":6,"1":6,"2":8,"3":5,"4":5},"b":{"0":[3],"1":[6,4],"2":[2],"3":[6,4],"4":[1],"5":[1],"6":[1],"7":[1],"8":[1],"9":[1],"10":[1],"11":[1]}}
}
