TN:
SF:src/utils/sentiment-helpers.ts
FN:17,(anonymous_0)
FN:22,(anonymous_1)
FN:25,(anonymous_2)
FN:43,(anonymous_3)
FN:55,(anonymous_4)
FNF:5
FNH:5
FNDA:6,(anonymous_0)
FNDA:6,(anonymous_1)
FNDA:8,(anonymous_2)
FNDA:5,(anonymous_3)
FNDA:5,(anonymous_4)
DA:17,1
DA:20,6
DA:22,3
DA:23,6
DA:25,4
DA:26,8
DA:34,4
DA:35,4
DA:37,4
DA:43,1
DA:44,5
DA:46,5
DA:47,4
DA:48,3
DA:49,2
DA:50,1
DA:55,1
DA:56,5
DA:58,5
DA:59,4
DA:60,3
DA:61,2
DA:62,1
LF:23
LH:23
BRDA:20,0,0,3
BRDA:20,1,0,6
BRDA:20,1,1,4
BRDA:23,2,0,2
BRDA:23,3,0,6
BRDA:23,3,1,4
BRDA:46,4,0,1
BRDA:47,5,0,1
BRDA:48,6,0,1
BRDA:49,7,0,1
BRDA:58,8,0,1
BRDA:59,9,0,1
BRDA:60,10,0,1
BRDA:61,11,0,1
BRF:14
BRH:14
end_of_record
